# JRE version: Java(TM) SE Runtime Environment (17.0.12+8) (build 17.0.12+8-LTS-286)
# Java VM: Java HotSpot(TM) 64-Bit Server VM (17.0.12+8-LTS-286, mixed mode, sharing, tiered, compressed oops, compressed class ptrs, g1 gc, windows-amd64)
GC Precious Log:
 CPUs: 8 total, 8 available
 Memory: 16106M
 Large Page Support: Disabled
 NUMA Support: Disabled
 Compressed Oops: Enabled (32-bit)
 Heap Region Size: 1M
 Heap Min Capacity: 8M
 Heap Initial Capacity: 252M
 Heap Max Capacity: 2G
 Pre-touch: Disabled
 Parallel Workers: 8
 Concurrent Workers: 2
 Concurrent Refinement Workers: 8
 Periodic GC: Disabled
Heap:
 garbage-first heap   total 500736K, used 134352K [0x0000000080000000, 0x0000000100000000)
  region size 1024K, 5 young (5120K), 5 survivors (5120K)
 Metaspace       used 104590K, committed 105920K, reserved 1179648K
  class space    used 14257K, committed 14912K, reserved 1048576K
GC Heap History (20 events):
Event: 1159.797 GC heap after
{Heap after GC invocations=63 (full 0):
 garbage-first heap   total 500736K, used 121959K [0x0000000080000000, 0x0000000100000000)
  region size 1024K, 3 young (3072K), 3 survivors (3072K)
 Metaspace       used 102677K, committed 103744K, reserved 1179648K
  class space    used 14210K, committed 14784K, reserved 1048576K
}
Event: 1159.855 GC heap before
{Heap before GC invocations=63 (full 0):
 garbage-first heap   total 500736K, used 125031K [0x0000000080000000, 0x0000000100000000)
  region size 1024K, 7 young (7168K), 3 survivors (3072K)
 Metaspace       used 102957K, committed 104064K, reserved 1179648K
  class space    used 14231K, committed 14784K, reserved 1048576K
}
Event: 1159.859 GC heap after
{Heap after GC invocations=64 (full 0):
 garbage-first heap   total 500736K, used 122656K [0x0000000080000000, 0x0000000100000000)
  region size 1024K, 4 young (4096K), 4 survivors (4096K)
 Metaspace       used 102957K, committed 104064K, reserved 1179648K
  class space    used 14231K, committed 14784K, reserved 1048576K
}
Event: 1332.586 GC heap before
{Heap before GC invocations=65 (full 0):
 garbage-first heap   total 450560K, used 426784K [0x0000000080000000, 0x0000000100000000)
  region size 1024K, 253 young (259072K), 4 survivors (4096K)
 Metaspace       used 103635K, committed 104768K, reserved 1179648K
  class space    used 14253K, committed 14848K, reserved 1048576K
}
Event: 1332.593 GC heap after
{Heap after GC invocations=66 (full 0):
 garbage-first heap   total 450560K, used 126274K [0x0000000080000000, 0x0000000100000000)
  region size 1024K, 8 young (8192K), 8 survivors (8192K)
 Metaspace       used 103635K, committed 104768K, reserved 1179648K
  class space    used 14253K, committed 14848K, reserved 1048576K
}
Event: 1332.664 GC heap before
{Heap before GC invocations=66 (full 0):
 garbage-first heap   total 450560K, used 140610K [0x0000000080000000, 0x0000000100000000)
  region size 1024K, 22 young (22528K), 8 survivors (8192K)
 Metaspace       used 103644K, committed 104768K, reserved 1179648K
  class space    used 14253K, committed 14848K, reserved 1048576K
}
Event: 1332.674 GC heap after
{Heap after GC invocations=67 (full 0):
 garbage-first heap   total 450560K, used 118841K [0x0000000080000000, 0x0000000100000000)
  region size 1024K, 3 young (3072K), 3 survivors (3072K)
 Metaspace       used 103644K, committed 104768K, reserved 1179648K
  class space    used 14253K, committed 14848K, reserved 1048576K
}
Event: 1332.882 GC heap before
{Heap before GC invocations=67 (full 0):
 garbage-first heap   total 450560K, used 147513K [0x0000000080000000, 0x0000000100000000)
  region size 1024K, 33 young (33792K), 3 survivors (3072K)
 Metaspace       used 103664K, committed 104832K, reserved 1179648K
  class space    used 14253K, committed 14848K, reserved 1048576K
}
Event: 1332.891 GC heap after
{Heap after GC invocations=68 (full 0):
 garbage-first heap   total 450560K, used 123159K [0x0000000080000000, 0x0000000100000000)
  region size 1024K, 7 young (7168K), 7 survivors (7168K)
 Metaspace       used 103664K, committed 104832K, reserved 1179648K
  class space    used 14253K, committed 14848K, reserved 1048576K
}
Event: 1385.789 GC heap before
{Heap before GC invocations=69 (full 0):
 garbage-first heap   total 427008K, used 391447K [0x0000000080000000, 0x0000000100000000)
  region size 1024K, 213 young (218112K), 7 survivors (7168K)
 Metaspace       used 104680K, committed 105856K, reserved 1179648K
  class space    used 14296K, committed 14912K, reserved 1048576K
}
Event: 1385.803 GC heap after
{Heap after GC invocations=70 (full 0):
 garbage-first heap   total 427008K, used 149677K [0x0000000080000000, 0x0000000100000000)
  region size 1024K, 29 young (29696K), 29 survivors (29696K)
 Metaspace       used 104680K, committed 105856K, reserved 1179648K
  class space    used 14296K, committed 14912K, reserved 1048576K
}
Event: 1385.807 GC heap before
{Heap before GC invocations=70 (full 0):
 garbage-first heap   total 427008K, used 150701K [0x0000000080000000, 0x0000000100000000)
  region size 1024K, 30 young (30720K), 29 survivors (29696K)
 Metaspace       used 104681K, committed 105856K, reserved 1179648K
  class space    used 14296K, committed 14912K, reserved 1048576K
}
Event: 1385.818 GC heap after
{Heap after GC invocations=71 (full 0):
 garbage-first heap   total 427008K, used 140838K [0x0000000080000000, 0x0000000100000000)
  region size 1024K, 3 young (3072K), 3 survivors (3072K)
 Metaspace       used 104681K, committed 105856K, reserved 1179648K
  class space    used 14296K, committed 14912K, reserved 1048576K
}
Event: 1386.055 GC heap before
{Heap before GC invocations=71 (full 0):
 garbage-first heap   total 427008K, used 181798K [0x0000000080000000, 0x0000000100000000)
  region size 1024K, 45 young (46080K), 3 survivors (3072K)
 Metaspace       used 104844K, committed 106048K, reserved 1179648K
  class space    used 14298K, committed 14912K, reserved 1048576K
}
Event: 1386.057 GC heap after
{Heap after GC invocations=72 (full 0):
 garbage-first heap   total 427008K, used 140465K [0x0000000080000000, 0x0000000100000000)
  region size 1024K, 3 young (3072K), 3 survivors (3072K)
 Metaspace       used 104844K, committed 106048K, reserved 1179648K
  class space    used 14298K, committed 14912K, reserved 1048576K
}
Event: 1628.277 GC heap before
{Heap before GC invocations=73 (full 0):
 garbage-first heap   total 427008K, used 368709K [0x0000000080000000, 0x0000000100000000)
  region size 1024K, 178 young (182272K), 3 survivors (3072K)
 Metaspace       used 104544K, committed 105856K, reserved 1179648K
  class space    used 14257K, committed 14912K, reserved 1048576K
}
Event: 1628.283 GC heap after
{Heap after GC invocations=74 (full 0):
 garbage-first heap   total 427008K, used 142753K [0x0000000080000000, 0x0000000100000000)
  region size 1024K, 6 young (6144K), 6 survivors (6144K)
 Metaspace       used 104544K, committed 105856K, reserved 1179648K
  class space    used 14257K, committed 14912K, reserved 1048576K
}
Event: 1628.310 GC heap before
{Heap before GC invocations=74 (full 0):
 garbage-first heap   total 427008K, used 157089K [0x0000000080000000, 0x0000000100000000)
  region size 1024K, 20 young (20480K), 6 survivors (6144K)
 Metaspace       used 104572K, committed 105920K, reserved 1179648K
  class space    used 14257K, committed 14912K, reserved 1048576K
}
Event: 1628.319 GC heap after
{Heap after GC invocations=75 (full 0):
 garbage-first heap   total 427008K, used 131680K [0x0000000080000000, 0x0000000100000000)
  region size 1024K, 2 young (2048K), 2 survivors (2048K)
 Metaspace       used 104572K, committed 105920K, reserved 1179648K
  class space    used 14257K, committed 14912K, reserved 1048576K
}
Event: 1628.368 GC heap before
{Heap before GC invocations=75 (full 0):
 garbage-first heap   total 427008K, used 144992K [0x0000000080000000, 0x0000000100000000)
  region size 1024K, 16 young (16384K), 2 survivors (2048K)
 Metaspace       used 104590K, committed 105920K, reserved 1179648K
  class space    used 14257K, committed 14912K, reserved 1048576K
}

