# JRE version: Java(TM) SE Runtime Environment (17.0.12+8) (build 17.0.12+8-LTS-286)
# Java VM: Java HotSpot(TM) 64-Bit Server VM (17.0.12+8-LTS-286, mixed mode, sharing, tiered, compressed oops, compressed class ptrs, g1 gc, windows-amd64)
GC Precious Log:
 CPUs: 8 total, 8 available
 Memory: 16106M
 Large Page Support: Disabled
 NUMA Support: Disabled
 Compressed Oops: Enabled (32-bit)
 Heap Region Size: 1M
 Heap Min Capacity: 8M
 Heap Initial Capacity: 252M
 Heap Max Capacity: 2G
 Pre-touch: Disabled
 Parallel Workers: 8
 Concurrent Workers: 2
 Concurrent Refinement Workers: 8
 Periodic GC: Disabled
Heap:
 garbage-first heap   total 299008K, used 116385K [0x0000000080000000, 0x0000000100000000)
  region size 1024K, 8 young (8192K), 8 survivors (8192K)
 Metaspace       used 106181K, committed 107328K, reserved 1179648K
  class space    used 14566K, committed 15168K, reserved 1048576K
GC Heap History (20 events):
Event: 722.734 GC heap after
{Heap after GC invocations=43 (full 0):
 garbage-first heap   total 299008K, used 105524K [0x0000000080000000, 0x0000000100000000)
  region size 1024K, 2 young (2048K), 2 survivors (2048K)
 Metaspace       used 104105K, committed 105152K, reserved 1179648K
  class space    used 14491K, committed 15040K, reserved 1048576K
}
Event: 722.924 GC heap before
{Heap before GC invocations=43 (full 0):
 garbage-first heap   total 299008K, used 144436K [0x0000000080000000, 0x0000000100000000)
  region size 1024K, 41 young (41984K), 2 survivors (2048K)
 Metaspace       used 104227K, committed 105280K, reserved 1179648K
  class space    used 14494K, committed 15040K, reserved 1048576K
}
Event: 722.932 GC heap after
{Heap after GC invocations=44 (full 0):
 garbage-first heap   total 299008K, used 111387K [0x0000000080000000, 0x0000000100000000)
  region size 1024K, 8 young (8192K), 8 survivors (8192K)
 Metaspace       used 104227K, committed 105280K, reserved 1179648K
  class space    used 14494K, committed 15040K, reserved 1048576K
}
Event: 737.857 GC heap before
{Heap before GC invocations=45 (full 0):
 garbage-first heap   total 299008K, used 275227K [0x0000000080000000, 0x0000000100000000)
  region size 1024K, 117 young (119808K), 8 survivors (8192K)
 Metaspace       used 104727K, committed 105728K, reserved 1179648K
  class space    used 14499K, committed 15040K, reserved 1048576K
}
Event: 737.865 GC heap after
{Heap after GC invocations=46 (full 0):
 garbage-first heap   total 299008K, used 115301K [0x0000000080000000, 0x0000000100000000)
  region size 1024K, 11 young (11264K), 11 survivors (11264K)
 Metaspace       used 104727K, committed 105728K, reserved 1179648K
  class space    used 14499K, committed 15040K, reserved 1048576K
}
Event: 737.877 GC heap before
{Heap before GC invocations=46 (full 0):
 garbage-first heap   total 299008K, used 118373K [0x0000000080000000, 0x0000000100000000)
  region size 1024K, 14 young (14336K), 11 survivors (11264K)
 Metaspace       used 104728K, committed 105728K, reserved 1179648K
  class space    used 14499K, committed 15040K, reserved 1048576K
}
Event: 737.886 GC heap after
{Heap after GC invocations=47 (full 0):
 garbage-first heap   total 299008K, used 108749K [0x0000000080000000, 0x0000000100000000)
  region size 1024K, 2 young (2048K), 2 survivors (2048K)
 Metaspace       used 104728K, committed 105728K, reserved 1179648K
  class space    used 14499K, committed 15040K, reserved 1048576K
}
Event: 931.720 GC heap before
{Heap before GC invocations=47 (full 0):
 garbage-first heap   total 299008K, used 220365K [0x0000000080000000, 0x0000000100000000)
  region size 1024K, 113 young (115712K), 2 survivors (2048K)
 Metaspace       used 105093K, committed 106176K, reserved 1179648K
  class space    used 14523K, committed 15104K, reserved 1048576K
}
Event: 931.731 GC heap after
{Heap after GC invocations=48 (full 0):
 garbage-first heap   total 299008K, used 119741K [0x0000000080000000, 0x0000000100000000)
  region size 1024K, 13 young (13312K), 13 survivors (13312K)
 Metaspace       used 105093K, committed 106176K, reserved 1179648K
  class space    used 14523K, committed 15104K, reserved 1048576K
}
Event: 1031.905 GC heap before
{Heap before GC invocations=49 (full 0):
 garbage-first heap   total 299008K, used 273527K [0x0000000080000000, 0x0000000100000000)
  region size 1024K, 114 young (116736K), 13 survivors (13312K)
 Metaspace       used 105480K, committed 106560K, reserved 1179648K
  class space    used 14526K, committed 15104K, reserved 1048576K
}
Event: 1031.908 GC heap after
{Heap after GC invocations=50 (full 0):
 garbage-first heap   total 299008K, used 113046K [0x0000000080000000, 0x0000000100000000)
  region size 1024K, 4 young (4096K), 4 survivors (4096K)
 Metaspace       used 105480K, committed 106560K, reserved 1179648K
  class space    used 14526K, committed 15104K, reserved 1048576K
}
Event: 1031.966 GC heap before
{Heap before GC invocations=50 (full 0):
 garbage-first heap   total 299008K, used 123286K [0x0000000080000000, 0x0000000100000000)
  region size 1024K, 14 young (14336K), 4 survivors (4096K)
 Metaspace       used 105501K, committed 106560K, reserved 1179648K
  class space    used 14526K, committed 15104K, reserved 1048576K
}
Event: 1031.969 GC heap after
{Heap after GC invocations=51 (full 0):
 garbage-first heap   total 299008K, used 106115K [0x0000000080000000, 0x0000000100000000)
  region size 1024K, 2 young (2048K), 2 survivors (2048K)
 Metaspace       used 105501K, committed 106560K, reserved 1179648K
  class space    used 14526K, committed 15104K, reserved 1048576K
}
Event: 1032.137 GC heap before
{Heap before GC invocations=51 (full 0):
 garbage-first heap   total 299008K, used 153219K [0x0000000080000000, 0x0000000100000000)
  region size 1024K, 50 young (51200K), 2 survivors (2048K)
 Metaspace       used 105632K, committed 106688K, reserved 1179648K
  class space    used 14526K, committed 15104K, reserved 1048576K
}
Event: 1032.144 GC heap after
{Heap after GC invocations=52 (full 0):
 garbage-first heap   total 299008K, used 112211K [0x0000000080000000, 0x0000000100000000)
  region size 1024K, 8 young (8192K), 8 survivors (8192K)
 Metaspace       used 105632K, committed 106688K, reserved 1179648K
  class space    used 14526K, committed 15104K, reserved 1048576K
}
Event: 1149.949 GC heap before
{Heap before GC invocations=53 (full 0):
 garbage-first heap   total 299008K, used 277075K [0x0000000080000000, 0x0000000100000000)
  region size 1024K, 117 young (119808K), 8 survivors (8192K)
 Metaspace       used 106018K, committed 107136K, reserved 1179648K
  class space    used 14540K, committed 15104K, reserved 1048576K
}
Event: 1149.957 GC heap after
{Heap after GC invocations=54 (full 0):
 garbage-first heap   total 299008K, used 117890K [0x0000000080000000, 0x0000000100000000)
  region size 1024K, 11 young (11264K), 11 survivors (11264K)
 Metaspace       used 106018K, committed 107136K, reserved 1179648K
  class space    used 14540K, committed 15104K, reserved 1048576K
}
Event: 1149.965 GC heap before
{Heap before GC invocations=54 (full 0):
 garbage-first heap   total 299008K, used 120962K [0x0000000080000000, 0x0000000100000000)
  region size 1024K, 14 young (14336K), 11 survivors (11264K)
 Metaspace       used 106020K, committed 107136K, reserved 1179648K
  class space    used 14540K, committed 15104K, reserved 1048576K
}
Event: 1149.973 GC heap after
{Heap after GC invocations=55 (full 0):
 garbage-first heap   total 299008K, used 110119K [0x0000000080000000, 0x0000000100000000)
  region size 1024K, 1 young (1024K), 1 survivors (1024K)
 Metaspace       used 106020K, committed 107136K, reserved 1179648K
  class space    used 14540K, committed 15104K, reserved 1048576K
}
Event: 1150.099 GC heap before
{Heap before GC invocations=55 (full 0):
 garbage-first heap   total 299008K, used 153127K [0x0000000080000000, 0x0000000100000000)
  region size 1024K, 44 young (45056K), 1 survivors (1024K)
 Metaspace       used 106181K, committed 107328K, reserved 1179648K
  class space    used 14566K, committed 15168K, reserved 1048576K
}

