# JRE version: Java(TM) SE Runtime Environment (17.0.12+8) (build 17.0.12+8-LTS-286)
# Java VM: Java HotSpot(TM) 64-Bit Server VM (17.0.12+8-LTS-286, mixed mode, sharing, tiered, compressed oops, compressed class ptrs, g1 gc, windows-amd64)
GC Precious Log:
 CPUs: 8 total, 8 available
 Memory: 16106M
 Large Page Support: Disabled
 NUMA Support: Disabled
 Compressed Oops: Enabled (32-bit)
 Heap Region Size: 1M
 Heap Min Capacity: 8M
 Heap Initial Capacity: 252M
 Heap Max Capacity: 2G
 Pre-touch: Disabled
 Parallel Workers: 8
 Concurrent Workers: 2
 Concurrent Refinement Workers: 8
 Periodic GC: Disabled
Heap:
 garbage-first heap   total 314368K, used 158203K [0x0000000080000000, 0x0000000100000000)
  region size 1024K, 7 young (7168K), 7 survivors (7168K)
 Metaspace       used 104666K, committed 105536K, reserved 1179648K
  class space    used 14400K, committed 14848K, reserved 1048576K
GC Heap History (20 events):
Event: 21.277 GC heap after
{Heap after GC invocations=39 (full 0):
 garbage-first heap   total 249856K, used 105897K [0x0000000080000000, 0x0000000100000000)
  region size 1024K, 2 young (2048K), 2 survivors (2048K)
 Metaspace       used 96173K, committed 97088K, reserved 1179648K
  class space    used 13546K, committed 14016K, reserved 1048576K
}
Event: 111.952 GC heap before
{Heap before GC invocations=39 (full 0):
 garbage-first heap   total 249856K, used 200105K [0x0000000080000000, 0x0000000100000000)
  region size 1024K, 95 young (97280K), 2 survivors (2048K)
 Metaspace       used 98581K, committed 99520K, reserved 1179648K
  class space    used 13816K, committed 14336K, reserved 1048576K
}
Event: 111.956 GC heap after
{Heap after GC invocations=40 (full 0):
 garbage-first heap   total 249856K, used 106026K [0x0000000080000000, 0x0000000100000000)
  region size 1024K, 2 young (2048K), 2 survivors (2048K)
 Metaspace       used 98581K, committed 99520K, reserved 1179648K
  class space    used 13816K, committed 14336K, reserved 1048576K
}
Event: 456.278 GC heap before
{Heap before GC invocations=41 (full 0):
 garbage-first heap   total 249856K, used 205354K [0x0000000080000000, 0x0000000100000000)
  region size 1024K, 99 young (101376K), 2 survivors (2048K)
 Metaspace       used 99013K, committed 99968K, reserved 1179648K
  class space    used 13829K, committed 14336K, reserved 1048576K
}
Event: 456.286 GC heap after
{Heap after GC invocations=42 (full 0):
 garbage-first heap   total 249856K, used 108925K [0x0000000080000000, 0x0000000100000000)
  region size 1024K, 5 young (5120K), 5 survivors (5120K)
 Metaspace       used 99013K, committed 99968K, reserved 1179648K
  class space    used 13829K, committed 14336K, reserved 1048576K
}
Event: 456.313 GC heap before
{Heap before GC invocations=42 (full 0):
 garbage-first heap   total 249856K, used 116093K [0x0000000080000000, 0x0000000100000000)
  region size 1024K, 12 young (12288K), 5 survivors (5120K)
 Metaspace       used 99021K, committed 99968K, reserved 1179648K
  class space    used 13829K, committed 14336K, reserved 1048576K
}
Event: 456.320 GC heap after
{Heap after GC invocations=43 (full 0):
 garbage-first heap   total 249856K, used 106439K [0x0000000080000000, 0x0000000100000000)
  region size 1024K, 2 young (2048K), 2 survivors (2048K)
 Metaspace       used 99021K, committed 99968K, reserved 1179648K
  class space    used 13829K, committed 14336K, reserved 1048576K
}
Event: 456.398 GC heap before
{Heap before GC invocations=43 (full 0):
 garbage-first heap   total 249856K, used 113607K [0x0000000080000000, 0x0000000100000000)
  region size 1024K, 10 young (10240K), 2 survivors (2048K)
 Metaspace       used 99145K, committed 100096K, reserved 1179648K
  class space    used 13842K, committed 14336K, reserved 1048576K
}
Event: 456.401 GC heap after
{Heap after GC invocations=44 (full 0):
 garbage-first heap   total 249856K, used 106906K [0x0000000080000000, 0x0000000100000000)
  region size 1024K, 2 young (2048K), 2 survivors (2048K)
 Metaspace       used 99145K, committed 100096K, reserved 1179648K
  class space    used 13842K, committed 14336K, reserved 1048576K
}
Event: 457.265 GC heap before
{Heap before GC invocations=45 (full 0):
 garbage-first heap   total 249856K, used 210330K [0x0000000080000000, 0x0000000100000000)
  region size 1024K, 98 young (100352K), 2 survivors (2048K)
 Metaspace       used 101841K, committed 102720K, reserved 1179648K
  class space    used 14135K, committed 14592K, reserved 1048576K
}
Event: 457.285 GC heap after
{Heap after GC invocations=46 (full 0):
 garbage-first heap   total 254976K, used 147553K [0x0000000080000000, 0x0000000100000000)
  region size 1024K, 13 young (13312K), 13 survivors (13312K)
 Metaspace       used 101841K, committed 102720K, reserved 1179648K
  class space    used 14135K, committed 14592K, reserved 1048576K
}
Event: 457.298 GC heap before
{Heap before GC invocations=46 (full 0):
 garbage-first heap   total 254976K, used 148577K [0x0000000080000000, 0x0000000100000000)
  region size 1024K, 14 young (14336K), 13 survivors (13312K)
 Metaspace       used 101849K, committed 102720K, reserved 1179648K
  class space    used 14139K, committed 14592K, reserved 1048576K
}
Event: 457.308 GC heap after
{Heap after GC invocations=47 (full 0):
 garbage-first heap   total 254976K, used 147701K [0x0000000080000000, 0x0000000100000000)
  region size 1024K, 2 young (2048K), 2 survivors (2048K)
 Metaspace       used 101849K, committed 102720K, reserved 1179648K
  class space    used 14139K, committed 14592K, reserved 1048576K
}
Event: 457.330 GC heap before
{Heap before GC invocations=47 (full 0):
 garbage-first heap   total 254976K, used 150773K [0x0000000080000000, 0x0000000100000000)
  region size 1024K, 6 young (6144K), 2 survivors (2048K)
 Metaspace       used 101860K, committed 102720K, reserved 1179648K
  class space    used 14139K, committed 14592K, reserved 1048576K
}
Event: 457.333 GC heap after
{Heap after GC invocations=48 (full 0):
 garbage-first heap   total 254976K, used 149871K [0x0000000080000000, 0x0000000100000000)
  region size 1024K, 4 young (4096K), 4 survivors (4096K)
 Metaspace       used 101860K, committed 102720K, reserved 1179648K
  class space    used 14139K, committed 14592K, reserved 1048576K
}
Event: 459.294 GC heap before
{Heap before GC invocations=49 (full 0):
 garbage-first heap   total 314368K, used 217455K [0x0000000080000000, 0x0000000100000000)
  region size 1024K, 36 young (36864K), 4 survivors (4096K)
 Metaspace       used 104040K, committed 104960K, reserved 1179648K
  class space    used 14364K, committed 14848K, reserved 1048576K
}
Event: 459.298 GC heap after
{Heap after GC invocations=50 (full 0):
 garbage-first heap   total 314368K, used 152045K [0x0000000080000000, 0x0000000100000000)
  region size 1024K, 3 young (3072K), 3 survivors (3072K)
 Metaspace       used 104040K, committed 104960K, reserved 1179648K
  class space    used 14364K, committed 14848K, reserved 1048576K
}
Event: 459.355 GC heap before
{Heap before GC invocations=50 (full 0):
 garbage-first heap   total 314368K, used 164333K [0x0000000080000000, 0x0000000100000000)
  region size 1024K, 15 young (15360K), 3 survivors (3072K)
 Metaspace       used 104104K, committed 105024K, reserved 1179648K
  class space    used 14370K, committed 14848K, reserved 1048576K
}
Event: 459.360 GC heap after
{Heap after GC invocations=51 (full 0):
 garbage-first heap   total 314368K, used 153843K [0x0000000080000000, 0x0000000100000000)
  region size 1024K, 2 young (2048K), 2 survivors (2048K)
 Metaspace       used 104104K, committed 105024K, reserved 1179648K
  class space    used 14370K, committed 14848K, reserved 1048576K
}
Event: 459.667 GC heap before
{Heap before GC invocations=51 (full 0):
 garbage-first heap   total 314368K, used 198899K [0x0000000080000000, 0x0000000100000000)
  region size 1024K, 48 young (49152K), 2 survivors (2048K)
 Metaspace       used 104666K, committed 105536K, reserved 1179648K
  class space    used 14400K, committed 14848K, reserved 1048576K
}

